<?xml version="1.0" encoding="UTF-8"?>
<!-- Generated by org.testng.reporters.JUnitXMLReporter -->
<testsuite hostname="LAPTOP-LOHRSJF2" failures="1" tests="2" name="Test" time="25.013" errors="0" timestamp="15 Mar 2022 20:26:07 GMT">
  <testcase classname="com.gmaild.GmailloginTest" name="InvalidLogin" time="4.826"/>
  <testcase classname="com.gmaild.GmailloginTest" name="aValidLogin" time="10.086">
    <failure type="org.openqa.selenium.ElementNotInteractableException" message="element not interactable
  (Session info: chrome=99.0.4844.51)
Build info: version: &amp;apos;4.1.1&amp;apos;, revision: &amp;apos;e8fcc2cecf&amp;apos;
System info: host: &amp;apos;LAPTOP-LOHRSJF2&amp;apos;, ip: &amp;apos;192.168.1.6&amp;apos;, os.name: &amp;apos;Windows 10&amp;apos;, os.arch: &amp;apos;amd64&amp;apos;, os.version: &amp;apos;10.0&amp;apos;, java.version: &amp;apos;17.0.1&amp;apos;
Driver info: org.openqa.selenium.chrome.ChromeDriver
Command: [4688726abeb9f0ed6a1979a2c491fe77, sendKeysToElement {id=c809d8d2-efb2-48bb-8b98-0fb763142a4a, value=[Ljava.lang.CharSequence;@5c0f79f0}]
Capabilities {acceptInsecureCerts: false, browserName: chrome, browserVersion: 99.0.4844.51, chrome: {chromedriverVersion: 99.0.4844.51 (d537ec02474b5..., userDataDir: C:\Users\sanka\AppData\Loca...}, goog:chromeOptions: {debuggerAddress: localhost:58960}, javascriptEnabled: true, networkConnectionEnabled: false, pageLoadStrategy: normal, platform: WINDOWS, platformName: WINDOWS, proxy: Proxy(), se:cdp: ws://localhost:58960/devtoo..., se:cdpVersion: 99.0.4844.51, setWindowRect: true, strictFileInteractability: false, timeouts: {implicit: 0, pageLoad: 300000, script: 30000}, unhandledPromptBehavior: dismiss and notify, webauthn:extension:credBlob: true, webauthn:extension:largeBlob: true, webauthn:virtualAuthenticators: true}
Element: [[ChromeDriver: chrome on WINDOWS (4688726abeb9f0ed6a1979a2c491fe77)] -&amp;gt; id: identifierId]
Session ID: 4688726abeb9f0ed6a1979a2c491fe77">
      <![CDATA[org.openqa.selenium.ElementNotInteractableException: element not interactable
  (Session info: chrome=99.0.4844.51)
Build info: version: '4.1.1', revision: 'e8fcc2cecf'
System info: host: 'LAPTOP-LOHRSJF2', ip: '192.168.1.6', os.name: 'Windows 10', os.arch: 'amd64', os.version: '10.0', java.version: '17.0.1'
Driver info: org.openqa.selenium.chrome.ChromeDriver
Command: [4688726abeb9f0ed6a1979a2c491fe77, sendKeysToElement {id=c809d8d2-efb2-48bb-8b98-0fb763142a4a, value=[Ljava.lang.CharSequence;@5c0f79f0}]
Capabilities {acceptInsecureCerts: false, browserName: chrome, browserVersion: 99.0.4844.51, chrome: {chromedriverVersion: 99.0.4844.51 (d537ec02474b5..., userDataDir: C:\Users\sanka\AppData\Loca...}, goog:chromeOptions: {debuggerAddress: localhost:58960}, javascriptEnabled: true, networkConnectionEnabled: false, pageLoadStrategy: normal, platform: WINDOWS, platformName: WINDOWS, proxy: Proxy(), se:cdp: ws://localhost:58960/devtoo..., se:cdpVersion: 99.0.4844.51, setWindowRect: true, strictFileInteractability: false, timeouts: {implicit: 0, pageLoad: 300000, script: 30000}, unhandledPromptBehavior: dismiss and notify, webauthn:extension:credBlob: true, webauthn:extension:largeBlob: true, webauthn:virtualAuthenticators: true}
Element: [[ChromeDriver: chrome on WINDOWS (4688726abeb9f0ed6a1979a2c491fe77)] -> id: identifierId]
Session ID: 4688726abeb9f0ed6a1979a2c491fe77
	at org.openqa.selenium.remote.codec.w3c.W3CHttpResponseCodec.createException(W3CHttpResponseCodec.java:200)
	at org.openqa.selenium.remote.codec.w3c.W3CHttpResponseCodec.decode(W3CHttpResponseCodec.java:133)
	at org.openqa.selenium.remote.codec.w3c.W3CHttpResponseCodec.decode(W3CHttpResponseCodec.java:53)
	at org.openqa.selenium.remote.HttpCommandExecutor.execute(HttpCommandExecutor.java:184)
	at org.openqa.selenium.remote.service.DriverCommandExecutor.invokeExecute(DriverCommandExecutor.java:167)
	at org.openqa.selenium.remote.service.DriverCommandExecutor.execute(DriverCommandExecutor.java:142)
	at org.openqa.selenium.remote.RemoteWebDriver.execute(RemoteWebDriver.java:543)
	at org.openqa.selenium.remote.RemoteWebElement.execute(RemoteWebElement.java:251)
	at org.openqa.selenium.remote.RemoteWebElement.sendKeys(RemoteWebElement.java:107)
	at Actions.Actions.sendKeys(Actions.java:13)
	at com.gmaild.LoginPageMethods.typeEmail(LoginPageMethods.java:12)
	at com.gmaild.GmailloginTest.aValidLogin(GmailloginTest.java:23)
... Removed 29 stack frames]]>
    </failure>
  </testcase> <!-- aValidLogin -->
</testsuite> <!-- Test -->
